# JRE version: OpenJDK Runtime Environment Temurin-21.0.8+9 (21.0.8+9) (build 21.0.8+9-LTS)
# Java VM: OpenJDK 64-Bit Server VM Temurin-21.0.8+9 (21.0.8+9-LTS, mixed mode, sharing, tiered, compressed oops, compressed class ptrs, parallel gc, windows-amd64)
GC Precious Log:
 CardTable entry size: 512
 CPUs: 12 total, 12 available
 Memory: 7597M
 Large Page Support: Disabled
 NUMA Support: Disabled
 Compressed Oops: Enabled (32-bit)
 Alignments: Space 512K, Generation 512K, Heap 2M
 Heap Min Capacity: 100M
 Heap Initial Capacity: 100M
 Heap Max Capacity: 2G
 Pre-touch: Disabled
 Parallel Workers: 10
Heap:
 PSYoungGen      total 5120K, used 1977K [0x00000000d5580000, 0x00000000d5f80000, 0x0000000100000000)
  eden space 4096K, 32% used [0x00000000d5580000,0x00000000d56ce568,0x00000000d5980000)
  from space 1024K, 62% used [0x00000000d5d80000,0x00000000d5e20000,0x00000000d5e80000)
  to   space 1024K, 0% used [0x00000000d5e80000,0x00000000d5e80000,0x00000000d5f80000)
 ParOldGen       total 573440K, used 573179K [0x0000000080000000, 0x00000000a3000000, 0x00000000d5580000)
  object space 573440K, 99% used [0x0000000080000000,0x00000000a2fbef40,0x00000000a3000000)
 Metaspace       used 26667K, committed 27776K, reserved 1114112K
  class space    used 2178K, committed 2688K, reserved 1048576K
GC Heap History (20 events):
Event: 61.397 GC heap before
{Heap before GC invocations=1275 (full 1):
 PSYoungGen      total 5632K, used 4854K [0x00000000d5580000, 0x00000000d6180000, 0x0000000100000000)
  eden space 4096K, 100% used [0x00000000d5580000,0x00000000d5980000,0x00000000d5980000)
  from space 1536K, 49% used [0x00000000d5e80000,0x00000000d5f3db38,0x00000000d6000000)
  to   space 1024K, 0% used [0x00000000d6080000,0x00000000d6080000,0x00000000d6180000)
 ParOldGen       total 568320K, used 567968K [0x0000000080000000, 0x00000000a2b00000, 0x00000000d5580000)
  object space 568320K, 99% used [0x0000000080000000,0x00000000a2aa83e8,0x00000000a2b00000)
 Metaspace       used 26490K, committed 27648K, reserved 1114112K
  class space    used 2177K, committed 2688K, reserved 1048576K
}
Event: 61.400 GC heap after
{Heap after GC invocations=1275 (full 1):
 PSYoungGen      total 4608K, used 448K [0x00000000d5580000, 0x00000000d6100000, 0x0000000100000000)
  eden space 4096K, 0% used [0x00000000d5580000,0x00000000d5580000,0x00000000d5980000)
  from space 512K, 87% used [0x00000000d6080000,0x00000000d60f0000,0x00000000d6100000)
  to   space 1024K, 0% used [0x00000000d5f00000,0x00000000d5f00000,0x00000000d6000000)
 ParOldGen       total 568832K, used 568611K [0x0000000080000000, 0x00000000a2b80000, 0x00000000d5580000)
  object space 568832K, 99% used [0x0000000080000000,0x00000000a2b48cc0,0x00000000a2b80000)
 Metaspace       used 26490K, committed 27648K, reserved 1114112K
  class space    used 2177K, committed 2688K, reserved 1048576K
}
Event: 61.481 GC heap before
{Heap before GC invocations=1276 (full 1):
 PSYoungGen      total 4608K, used 4544K [0x00000000d5580000, 0x00000000d6100000, 0x0000000100000000)
  eden space 4096K, 100% used [0x00000000d5580000,0x00000000d5980000,0x00000000d5980000)
  from space 512K, 87% used [0x00000000d6080000,0x00000000d60f0000,0x00000000d6100000)
  to   space 1024K, 0% used [0x00000000d5f00000,0x00000000d5f00000,0x00000000d6000000)
 ParOldGen       total 568832K, used 568611K [0x0000000080000000, 0x00000000a2b80000, 0x00000000d5580000)
  object space 568832K, 99% used [0x0000000080000000,0x00000000a2b48cc0,0x00000000a2b80000)
 Metaspace       used 26508K, committed 27648K, reserved 1114112K
  class space    used 2177K, committed 2688K, reserved 1048576K
}
Event: 61.484 GC heap after
{Heap after GC invocations=1276 (full 1):
 PSYoungGen      total 5120K, used 992K [0x00000000d5580000, 0x00000000d6100000, 0x0000000100000000)
  eden space 4096K, 0% used [0x00000000d5580000,0x00000000d5580000,0x00000000d5980000)
  from space 1024K, 96% used [0x00000000d5f00000,0x00000000d5ff8010,0x00000000d6000000)
  to   space 1024K, 0% used [0x00000000d6000000,0x00000000d6000000,0x00000000d6100000)
 ParOldGen       total 569344K, used 569199K [0x0000000080000000, 0x00000000a2c00000, 0x00000000d5580000)
  object space 569344K, 99% used [0x0000000080000000,0x00000000a2bdbfa0,0x00000000a2c00000)
 Metaspace       used 26508K, committed 27648K, reserved 1114112K
  class space    used 2177K, committed 2688K, reserved 1048576K
}
Event: 61.548 GC heap before
{Heap before GC invocations=1277 (full 1):
 PSYoungGen      total 5120K, used 5088K [0x00000000d5580000, 0x00000000d6100000, 0x0000000100000000)
  eden space 4096K, 100% used [0x00000000d5580000,0x00000000d5980000,0x00000000d5980000)
  from space 1024K, 96% used [0x00000000d5f00000,0x00000000d5ff8010,0x00000000d6000000)
  to   space 1024K, 0% used [0x00000000d6000000,0x00000000d6000000,0x00000000d6100000)
 ParOldGen       total 569344K, used 569199K [0x0000000080000000, 0x00000000a2c00000, 0x00000000d5580000)
  object space 569344K, 99% used [0x0000000080000000,0x00000000a2bdbfa0,0x00000000a2c00000)
 Metaspace       used 26523K, committed 27648K, reserved 1114112K
  class space    used 2177K, committed 2688K, reserved 1048576K
}
Event: 61.554 GC heap after
{Heap after GC invocations=1277 (full 1):
 PSYoungGen      total 5120K, used 836K [0x00000000d5580000, 0x00000000d6100000, 0x0000000100000000)
  eden space 4096K, 0% used [0x00000000d5580000,0x00000000d5580000,0x00000000d5980000)
  from space 1024K, 81% used [0x00000000d6000000,0x00000000d60d1210,0x00000000d6100000)
  to   space 1536K, 0% used [0x00000000d5e00000,0x00000000d5e00000,0x00000000d5f80000)
 ParOldGen       total 570368K, used 570115K [0x0000000080000000, 0x00000000a2d00000, 0x00000000d5580000)
  object space 570368K, 99% used [0x0000000080000000,0x00000000a2cc0f48,0x00000000a2d00000)
 Metaspace       used 26523K, committed 27648K, reserved 1114112K
  class space    used 2177K, committed 2688K, reserved 1048576K
}
Event: 61.605 GC heap before
{Heap before GC invocations=1278 (full 1):
 PSYoungGen      total 5120K, used 4932K [0x00000000d5580000, 0x00000000d6100000, 0x0000000100000000)
  eden space 4096K, 100% used [0x00000000d5580000,0x00000000d5980000,0x00000000d5980000)
  from space 1024K, 81% used [0x00000000d6000000,0x00000000d60d1210,0x00000000d6100000)
  to   space 1536K, 0% used [0x00000000d5e00000,0x00000000d5e00000,0x00000000d5f80000)
 ParOldGen       total 570368K, used 570115K [0x0000000080000000, 0x00000000a2d00000, 0x00000000d5580000)
  object space 570368K, 99% used [0x0000000080000000,0x00000000a2cc0f48,0x00000000a2d00000)
 Metaspace       used 26525K, committed 27648K, reserved 1114112K
  class space    used 2177K, committed 2688K, reserved 1048576K
}
Event: 61.608 GC heap after
{Heap after GC invocations=1278 (full 1):
 PSYoungGen      total 5632K, used 496K [0x00000000d5580000, 0x00000000d6080000, 0x0000000100000000)
  eden space 4096K, 0% used [0x00000000d5580000,0x00000000d5580000,0x00000000d5980000)
  from space 1536K, 32% used [0x00000000d5e00000,0x00000000d5e7c010,0x00000000d5f80000)
  to   space 1024K, 0% used [0x00000000d5f80000,0x00000000d5f80000,0x00000000d6080000)
 ParOldGen       total 570880K, used 570868K [0x0000000080000000, 0x00000000a2d80000, 0x00000000d5580000)
  object space 570880K, 99% used [0x0000000080000000,0x00000000a2d7d118,0x00000000a2d80000)
 Metaspace       used 26525K, committed 27648K, reserved 1114112K
  class space    used 2177K, committed 2688K, reserved 1048576K
}
Event: 61.725 GC heap before
{Heap before GC invocations=1279 (full 1):
 PSYoungGen      total 5632K, used 4592K [0x00000000d5580000, 0x00000000d6080000, 0x0000000100000000)
  eden space 4096K, 100% used [0x00000000d5580000,0x00000000d5980000,0x00000000d5980000)
  from space 1536K, 32% used [0x00000000d5e00000,0x00000000d5e7c010,0x00000000d5f80000)
  to   space 1024K, 0% used [0x00000000d5f80000,0x00000000d5f80000,0x00000000d6080000)
 ParOldGen       total 570880K, used 570868K [0x0000000080000000, 0x00000000a2d80000, 0x00000000d5580000)
  object space 570880K, 99% used [0x0000000080000000,0x00000000a2d7d118,0x00000000a2d80000)
 Metaspace       used 26580K, committed 27712K, reserved 1114112K
  class space    used 2177K, committed 2688K, reserved 1048576K
}
Event: 61.729 GC heap after
{Heap after GC invocations=1279 (full 1):
 PSYoungGen      total 5120K, used 1002K [0x00000000d5580000, 0x00000000d6080000, 0x0000000100000000)
  eden space 4096K, 0% used [0x00000000d5580000,0x00000000d5580000,0x00000000d5980000)
  from space 1024K, 97% used [0x00000000d5f80000,0x00000000d607a910,0x00000000d6080000)
  to   space 1536K, 0% used [0x00000000d5d80000,0x00000000d5d80000,0x00000000d5f00000)
 ParOldGen       total 571392K, used 571236K [0x0000000080000000, 0x00000000a2e00000, 0x00000000d5580000)
  object space 571392K, 99% used [0x0000000080000000,0x00000000a2dd9138,0x00000000a2e00000)
 Metaspace       used 26580K, committed 27712K, reserved 1114112K
  class space    used 2177K, committed 2688K, reserved 1048576K
}
Event: 61.817 GC heap before
{Heap before GC invocations=1280 (full 1):
 PSYoungGen      total 5120K, used 5098K [0x00000000d5580000, 0x00000000d6080000, 0x0000000100000000)
  eden space 4096K, 100% used [0x00000000d5580000,0x00000000d5980000,0x00000000d5980000)
  from space 1024K, 97% used [0x00000000d5f80000,0x00000000d607a910,0x00000000d6080000)
  to   space 1536K, 0% used [0x00000000d5d80000,0x00000000d5d80000,0x00000000d5f00000)
 ParOldGen       total 571392K, used 571236K [0x0000000080000000, 0x00000000a2e00000, 0x00000000d5580000)
  object space 571392K, 99% used [0x0000000080000000,0x00000000a2dd9138,0x00000000a2e00000)
 Metaspace       used 26584K, committed 27712K, reserved 1114112K
  class space    used 2177K, committed 2688K, reserved 1048576K
}
Event: 61.820 GC heap after
{Heap after GC invocations=1280 (full 1):
 PSYoungGen      total 5632K, used 282K [0x00000000d5580000, 0x00000000d6000000, 0x0000000100000000)
  eden space 4096K, 0% used [0x00000000d5580000,0x00000000d5580000,0x00000000d5980000)
  from space 1536K, 18% used [0x00000000d5d80000,0x00000000d5dc6900,0x00000000d5f00000)
  to   space 1024K, 0% used [0x00000000d5f00000,0x00000000d5f00000,0x00000000d6000000)
 ParOldGen       total 572416K, used 572014K [0x0000000080000000, 0x00000000a2f00000, 0x00000000d5580000)
  object space 572416K, 99% used [0x0000000080000000,0x00000000a2e9b908,0x00000000a2f00000)
 Metaspace       used 26584K, committed 27712K, reserved 1114112K
  class space    used 2177K, committed 2688K, reserved 1048576K
}
Event: 61.872 GC heap before
{Heap before GC invocations=1281 (full 1):
 PSYoungGen      total 5632K, used 4378K [0x00000000d5580000, 0x00000000d6000000, 0x0000000100000000)
  eden space 4096K, 100% used [0x00000000d5580000,0x00000000d5980000,0x00000000d5980000)
  from space 1536K, 18% used [0x00000000d5d80000,0x00000000d5dc6900,0x00000000d5f00000)
  to   space 1024K, 0% used [0x00000000d5f00000,0x00000000d5f00000,0x00000000d6000000)
 ParOldGen       total 572416K, used 572014K [0x0000000080000000, 0x00000000a2f00000, 0x00000000d5580000)
  object space 572416K, 99% used [0x0000000080000000,0x00000000a2e9b908,0x00000000a2f00000)
 Metaspace       used 26585K, committed 27712K, reserved 1114112K
  class space    used 2177K, committed 2688K, reserved 1048576K
}
Event: 61.875 GC heap after
{Heap after GC invocations=1281 (full 1):
 PSYoungGen      total 5120K, used 672K [0x00000000d5580000, 0x00000000d6000000, 0x0000000100000000)
  eden space 4096K, 0% used [0x00000000d5580000,0x00000000d5580000,0x00000000d5980000)
  from space 1024K, 65% used [0x00000000d5f00000,0x00000000d5fa8000,0x00000000d6000000)
  to   space 1024K, 0% used [0x00000000d5e00000,0x00000000d5e00000,0x00000000d5f00000)
 ParOldGen       total 572416K, used 572146K [0x0000000080000000, 0x00000000a2f00000, 0x00000000d5580000)
  object space 572416K, 99% used [0x0000000080000000,0x00000000a2ebcb08,0x00000000a2f00000)
 Metaspace       used 26585K, committed 27712K, reserved 1114112K
  class space    used 2177K, committed 2688K, reserved 1048576K
}
Event: 61.940 GC heap before
{Heap before GC invocations=1282 (full 1):
 PSYoungGen      total 5120K, used 4768K [0x00000000d5580000, 0x00000000d6000000, 0x0000000100000000)
  eden space 4096K, 100% used [0x00000000d5580000,0x00000000d5980000,0x00000000d5980000)
  from space 1024K, 65% used [0x00000000d5f00000,0x00000000d5fa8000,0x00000000d6000000)
  to   space 1024K, 0% used [0x00000000d5e00000,0x00000000d5e00000,0x00000000d5f00000)
 ParOldGen       total 572416K, used 572146K [0x0000000080000000, 0x00000000a2f00000, 0x00000000d5580000)
  object space 572416K, 99% used [0x0000000080000000,0x00000000a2ebcb08,0x00000000a2f00000)
 Metaspace       used 26607K, committed 27712K, reserved 1114112K
  class space    used 2178K, committed 2688K, reserved 1048576K
}
Event: 61.944 GC heap after
{Heap after GC invocations=1282 (full 1):
 PSYoungGen      total 5120K, used 864K [0x00000000d5580000, 0x00000000d5f80000, 0x0000000100000000)
  eden space 4096K, 0% used [0x00000000d5580000,0x00000000d5580000,0x00000000d5980000)
  from space 1024K, 84% used [0x00000000d5e00000,0x00000000d5ed8140,0x00000000d5f00000)
  to   space 512K, 0% used [0x00000000d5f00000,0x00000000d5f00000,0x00000000d5f80000)
 ParOldGen       total 572928K, used 572670K [0x0000000080000000, 0x00000000a2f80000, 0x00000000d5580000)
  object space 572928K, 99% used [0x0000000080000000,0x00000000a2f3fb28,0x00000000a2f80000)
 Metaspace       used 26607K, committed 27712K, reserved 1114112K
  class space    used 2178K, committed 2688K, reserved 1048576K
}
Event: 62.009 GC heap before
{Heap before GC invocations=1283 (full 1):
 PSYoungGen      total 5120K, used 4960K [0x00000000d5580000, 0x00000000d5f80000, 0x0000000100000000)
  eden space 4096K, 100% used [0x00000000d5580000,0x00000000d5980000,0x00000000d5980000)
  from space 1024K, 84% used [0x00000000d5e00000,0x00000000d5ed8140,0x00000000d5f00000)
  to   space 512K, 0% used [0x00000000d5f00000,0x00000000d5f00000,0x00000000d5f80000)
 ParOldGen       total 572928K, used 572670K [0x0000000080000000, 0x00000000a2f80000, 0x00000000d5580000)
  object space 572928K, 99% used [0x0000000080000000,0x00000000a2f3fb28,0x00000000a2f80000)
 Metaspace       used 26618K, committed 27776K, reserved 1114112K
  class space    used 2178K, committed 2688K, reserved 1048576K
}
Event: 62.011 GC heap after
{Heap after GC invocations=1283 (full 1):
 PSYoungGen      total 4608K, used 420K [0x00000000d5580000, 0x00000000d5f80000, 0x0000000100000000)
  eden space 4096K, 0% used [0x00000000d5580000,0x00000000d5580000,0x00000000d5980000)
  from space 512K, 82% used [0x00000000d5f00000,0x00000000d5f69210,0x00000000d5f80000)
  to   space 1024K, 0% used [0x00000000d5d80000,0x00000000d5d80000,0x00000000d5e80000)
 ParOldGen       total 572928K, used 572927K [0x0000000080000000, 0x00000000a2f80000, 0x00000000d5580000)
  object space 572928K, 99% used [0x0000000080000000,0x00000000a2f7fd30,0x00000000a2f80000)
 Metaspace       used 26618K, committed 27776K, reserved 1114112K
  class space    used 2178K, committed 2688K, reserved 1048576K
}
Event: 62.059 GC heap before
{Heap before GC invocations=1284 (full 1):
 PSYoungGen      total 4608K, used 4516K [0x00000000d5580000, 0x00000000d5f80000, 0x0000000100000000)
  eden space 4096K, 100% used [0x00000000d5580000,0x00000000d5980000,0x00000000d5980000)
  from space 512K, 82% used [0x00000000d5f00000,0x00000000d5f69210,0x00000000d5f80000)
  to   space 1024K, 0% used [0x00000000d5d80000,0x00000000d5d80000,0x00000000d5e80000)
 ParOldGen       total 572928K, used 572927K [0x0000000080000000, 0x00000000a2f80000, 0x00000000d5580000)
  object space 572928K, 99% used [0x0000000080000000,0x00000000a2f7fd30,0x00000000a2f80000)
 Metaspace       used 26627K, committed 27776K, reserved 1114112K
  class space    used 2178K, committed 2688K, reserved 1048576K
}
Event: 62.062 GC heap after
{Heap after GC invocations=1284 (full 1):
 PSYoungGen      total 5120K, used 640K [0x00000000d5580000, 0x00000000d5f80000, 0x0000000100000000)
  eden space 4096K, 0% used [0x00000000d5580000,0x00000000d5580000,0x00000000d5980000)
  from space 1024K, 62% used [0x00000000d5d80000,0x00000000d5e20000,0x00000000d5e80000)
  to   space 1024K, 0% used [0x00000000d5e80000,0x00000000d5e80000,0x00000000d5f80000)
 ParOldGen       total 573440K, used 573179K [0x0000000080000000, 0x00000000a3000000, 0x00000000d5580000)
  object space 573440K, 99% used [0x0000000080000000,0x00000000a2fbef40,0x00000000a3000000)
 Metaspace       used 26627K, committed 27776K, reserved 1114112K
  class space    used 2178K, committed 2688K, reserved 1048576K
}

