# JRE version: OpenJDK Runtime Environment Temurin-21.0.8+9 (21.0.8+9) (build 21.0.8+9-LTS)
# Java VM: OpenJDK 64-Bit Server VM Temurin-21.0.8+9 (21.0.8+9-LTS, mixed mode, sharing, tiered, compressed oops, compressed class ptrs, parallel gc, windows-amd64)
GC Precious Log:
 CardTable entry size: 512
 CPUs: 12 total, 12 available
 Memory: 7597M
 Large Page Support: Disabled
 NUMA Support: Disabled
 Compressed Oops: Enabled (32-bit)
 Alignments: Space 512K, Generation 512K, Heap 2M
 Heap Min Capacity: 100M
 Heap Initial Capacity: 100M
 Heap Max Capacity: 2G
 Pre-touch: Disabled
 Parallel Workers: 10
Heap:
 PSYoungGen      total 3584K, used 1300K [0x00000000d5580000, 0x00000000d5c00000, 0x0000000100000000)
  eden space 3072K, 34% used [0x00000000d5580000,0x00000000d5685290,0x00000000d5880000)
  from space 512K, 50% used [0x00000000d5b00000,0x00000000d5b40000,0x00000000d5b80000)
  to   space 512K, 0% used [0x00000000d5b80000,0x00000000d5b80000,0x00000000d5c00000)
 ParOldGen       total 929792K, used 641183K [0x0000000080000000, 0x00000000b8c00000, 0x00000000d5580000)
  object space 929792K, 68% used [0x0000000080000000,0x00000000a7227e58,0x00000000b8c00000)
 Metaspace       used 36565K, committed 37824K, reserved 1114112K
  class space    used 2766K, committed 3328K, reserved 1048576K
GC Heap History (20 events):
Event: 4558.831 GC heap before
{Heap before GC invocations=2267 (full 3):
 PSYoungGen      total 3584K, used 3184K [0x00000000d5580000, 0x00000000d5f80000, 0x0000000100000000)
  eden space 2048K, 100% used [0x00000000d5580000,0x00000000d5780000,0x00000000d5780000)
  from space 1536K, 73% used [0x00000000d5780000,0x00000000d589c000,0x00000000d5900000)
  to   space 3584K, 0% used [0x00000000d5c00000,0x00000000d5c00000,0x00000000d5f80000)
 ParOldGen       total 929792K, used 607068K [0x0000000080000000, 0x00000000b8c00000, 0x00000000d5580000)
  object space 929792K, 65% used [0x0000000080000000,0x00000000a50d7370,0x00000000b8c00000)
 Metaspace       used 36513K, committed 37760K, reserved 1114112K
  class space    used 2766K, committed 3328K, reserved 1048576K
}
Event: 4558.838 GC heap after
{Heap after GC invocations=2267 (full 3):
 PSYoungGen      total 4608K, used 1680K [0x00000000d5580000, 0x00000000d5e00000, 0x0000000100000000)
  eden space 2560K, 0% used [0x00000000d5580000,0x00000000d5580000,0x00000000d5800000)
  from space 2048K, 82% used [0x00000000d5c00000,0x00000000d5da4000,0x00000000d5e00000)
  to   space 2048K, 0% used [0x00000000d5a00000,0x00000000d5a00000,0x00000000d5c00000)
 ParOldGen       total 929792K, used 607772K [0x0000000080000000, 0x00000000b8c00000, 0x00000000d5580000)
  object space 929792K, 65% used [0x0000000080000000,0x00000000a5187370,0x00000000b8c00000)
 Metaspace       used 36513K, committed 37760K, reserved 1114112K
  class space    used 2766K, committed 3328K, reserved 1048576K
}
Event: 4558.878 GC heap before
{Heap before GC invocations=2268 (full 3):
 PSYoungGen      total 4608K, used 4240K [0x00000000d5580000, 0x00000000d5e00000, 0x0000000100000000)
  eden space 2560K, 100% used [0x00000000d5580000,0x00000000d5800000,0x00000000d5800000)
  from space 2048K, 82% used [0x00000000d5c00000,0x00000000d5da4000,0x00000000d5e00000)
  to   space 2048K, 0% used [0x00000000d5a00000,0x00000000d5a00000,0x00000000d5c00000)
 ParOldGen       total 929792K, used 607772K [0x0000000080000000, 0x00000000b8c00000, 0x00000000d5580000)
  object space 929792K, 65% used [0x0000000080000000,0x00000000a5187370,0x00000000b8c00000)
 Metaspace       used 36513K, committed 37760K, reserved 1114112K
  class space    used 2766K, committed 3328K, reserved 1048576K
}
Event: 4558.888 GC heap after
{Heap after GC invocations=2268 (full 3):
 PSYoungGen      total 4096K, used 576K [0x00000000d5580000, 0x00000000d5c80000, 0x0000000100000000)
  eden space 3072K, 0% used [0x00000000d5580000,0x00000000d5580000,0x00000000d5880000)
  from space 1024K, 56% used [0x00000000d5a00000,0x00000000d5a90000,0x00000000d5b00000)
  to   space 1024K, 0% used [0x00000000d5b80000,0x00000000d5b80000,0x00000000d5c80000)
 ParOldGen       total 929792K, used 608988K [0x0000000080000000, 0x00000000b8c00000, 0x00000000d5580000)
  object space 929792K, 65% used [0x0000000080000000,0x00000000a52b7390,0x00000000b8c00000)
 Metaspace       used 36513K, committed 37760K, reserved 1114112K
  class space    used 2766K, committed 3328K, reserved 1048576K
}
Event: 4559.239 GC heap before
{Heap before GC invocations=2269 (full 3):
 PSYoungGen      total 4096K, used 3648K [0x00000000d5580000, 0x00000000d5c80000, 0x0000000100000000)
  eden space 3072K, 100% used [0x00000000d5580000,0x00000000d5880000,0x00000000d5880000)
  from space 1024K, 56% used [0x00000000d5a00000,0x00000000d5a90000,0x00000000d5b00000)
  to   space 1024K, 0% used [0x00000000d5b80000,0x00000000d5b80000,0x00000000d5c80000)
 ParOldGen       total 929792K, used 639708K [0x0000000080000000, 0x00000000b8c00000, 0x00000000d5580000)
  object space 929792K, 68% used [0x0000000080000000,0x00000000a70b73c0,0x00000000b8c00000)
 Metaspace       used 36521K, committed 37760K, reserved 1114112K
  class space    used 2766K, committed 3328K, reserved 1048576K
}
Event: 4559.246 GC heap after
{Heap after GC invocations=2269 (full 3):
 PSYoungGen      total 3584K, used 480K [0x00000000d5580000, 0x00000000d5c00000, 0x0000000100000000)
  eden space 3072K, 0% used [0x00000000d5580000,0x00000000d5580000,0x00000000d5880000)
  from space 512K, 93% used [0x00000000d5b80000,0x00000000d5bf8000,0x00000000d5c00000)
  to   space 1024K, 0% used [0x00000000d5a00000,0x00000000d5a00000,0x00000000d5b00000)
 ParOldGen       total 929792K, used 640112K [0x0000000080000000, 0x00000000b8c00000, 0x00000000d5580000)
  object space 929792K, 68% used [0x0000000080000000,0x00000000a711c3d0,0x00000000b8c00000)
 Metaspace       used 36521K, committed 37760K, reserved 1114112K
  class space    used 2766K, committed 3328K, reserved 1048576K
}
Event: 4559.305 GC heap before
{Heap before GC invocations=2270 (full 3):
 PSYoungGen      total 3584K, used 3552K [0x00000000d5580000, 0x00000000d5c00000, 0x0000000100000000)
  eden space 3072K, 100% used [0x00000000d5580000,0x00000000d5880000,0x00000000d5880000)
  from space 512K, 93% used [0x00000000d5b80000,0x00000000d5bf8000,0x00000000d5c00000)
  to   space 1024K, 0% used [0x00000000d5a00000,0x00000000d5a00000,0x00000000d5b00000)
 ParOldGen       total 929792K, used 640112K [0x0000000080000000, 0x00000000b8c00000, 0x00000000d5580000)
  object space 929792K, 68% used [0x0000000080000000,0x00000000a711c3d0,0x00000000b8c00000)
 Metaspace       used 36522K, committed 37760K, reserved 1114112K
  class space    used 2766K, committed 3328K, reserved 1048576K
}
Event: 4559.309 GC heap after
{Heap after GC invocations=2270 (full 3):
 PSYoungGen      total 4096K, used 288K [0x00000000d5580000, 0x00000000d5c00000, 0x0000000100000000)
  eden space 3072K, 0% used [0x00000000d5580000,0x00000000d5580000,0x00000000d5880000)
  from space 1024K, 28% used [0x00000000d5a00000,0x00000000d5a48000,0x00000000d5b00000)
  to   space 512K, 0% used [0x00000000d5b80000,0x00000000d5b80000,0x00000000d5c00000)
 ParOldGen       total 929792K, used 640471K [0x0000000080000000, 0x00000000b8c00000, 0x00000000d5580000)
  object space 929792K, 68% used [0x0000000080000000,0x00000000a7175e28,0x00000000b8c00000)
 Metaspace       used 36522K, committed 37760K, reserved 1114112K
  class space    used 2766K, committed 3328K, reserved 1048576K
}
Event: 4661.342 GC heap before
{Heap before GC invocations=2271 (full 3):
 PSYoungGen      total 4096K, used 3359K [0x00000000d5580000, 0x00000000d5c00000, 0x0000000100000000)
  eden space 3072K, 99% used [0x00000000d5580000,0x00000000d587ffc8,0x00000000d5880000)
  from space 1024K, 28% used [0x00000000d5a00000,0x00000000d5a48000,0x00000000d5b00000)
  to   space 512K, 0% used [0x00000000d5b80000,0x00000000d5b80000,0x00000000d5c00000)
 ParOldGen       total 929792K, used 640471K [0x0000000080000000, 0x00000000b8c00000, 0x00000000d5580000)
  object space 929792K, 68% used [0x0000000080000000,0x00000000a7175e28,0x00000000b8c00000)
 Metaspace       used 36525K, committed 37760K, reserved 1114112K
  class space    used 2766K, committed 3328K, reserved 1048576K
}
Event: 4661.363 GC heap after
{Heap after GC invocations=2271 (full 3):
 PSYoungGen      total 3584K, used 288K [0x00000000d5580000, 0x00000000d5c00000, 0x0000000100000000)
  eden space 3072K, 0% used [0x00000000d5580000,0x00000000d5580000,0x00000000d5880000)
  from space 512K, 56% used [0x00000000d5b80000,0x00000000d5bc8000,0x00000000d5c00000)
  to   space 512K, 0% used [0x00000000d5b00000,0x00000000d5b00000,0x00000000d5b80000)
 ParOldGen       total 929792K, used 640543K [0x0000000080000000, 0x00000000b8c00000, 0x00000000d5580000)
  object space 929792K, 68% used [0x0000000080000000,0x00000000a7187e28,0x00000000b8c00000)
 Metaspace       used 36525K, committed 37760K, reserved 1114112K
  class space    used 2766K, committed 3328K, reserved 1048576K
}
Event: 5167.672 GC heap before
{Heap before GC invocations=2272 (full 3):
 PSYoungGen      total 3584K, used 3360K [0x00000000d5580000, 0x00000000d5c00000, 0x0000000100000000)
  eden space 3072K, 100% used [0x00000000d5580000,0x00000000d5880000,0x00000000d5880000)
  from space 512K, 56% used [0x00000000d5b80000,0x00000000d5bc8000,0x00000000d5c00000)
  to   space 512K, 0% used [0x00000000d5b00000,0x00000000d5b00000,0x00000000d5b80000)
 ParOldGen       total 929792K, used 640543K [0x0000000080000000, 0x00000000b8c00000, 0x00000000d5580000)
  object space 929792K, 68% used [0x0000000080000000,0x00000000a7187e28,0x00000000b8c00000)
 Metaspace       used 36533K, committed 37760K, reserved 1114112K
  class space    used 2766K, committed 3328K, reserved 1048576K
}
Event: 5167.752 GC heap after
{Heap after GC invocations=2272 (full 3):
 PSYoungGen      total 3584K, used 480K [0x00000000d5580000, 0x00000000d5c00000, 0x0000000100000000)
  eden space 3072K, 0% used [0x00000000d5580000,0x00000000d5580000,0x00000000d5880000)
  from space 512K, 93% used [0x00000000d5b00000,0x00000000d5b78010,0x00000000d5b80000)
  to   space 512K, 0% used [0x00000000d5b80000,0x00000000d5b80000,0x00000000d5c00000)
 ParOldGen       total 929792K, used 640695K [0x0000000080000000, 0x00000000b8c00000, 0x00000000d5580000)
  object space 929792K, 68% used [0x0000000080000000,0x00000000a71ade38,0x00000000b8c00000)
 Metaspace       used 36533K, committed 37760K, reserved 1114112K
  class space    used 2766K, committed 3328K, reserved 1048576K
}
Event: 5167.877 GC heap before
{Heap before GC invocations=2273 (full 3):
 PSYoungGen      total 3584K, used 3542K [0x00000000d5580000, 0x00000000d5c00000, 0x0000000100000000)
  eden space 3072K, 99% used [0x00000000d5580000,0x00000000d587d990,0x00000000d5880000)
  from space 512K, 93% used [0x00000000d5b00000,0x00000000d5b78010,0x00000000d5b80000)
  to   space 512K, 0% used [0x00000000d5b80000,0x00000000d5b80000,0x00000000d5c00000)
 ParOldGen       total 929792K, used 640695K [0x0000000080000000, 0x00000000b8c00000, 0x00000000d5580000)
  object space 929792K, 68% used [0x0000000080000000,0x00000000a71ade38,0x00000000b8c00000)
 Metaspace       used 36533K, committed 37760K, reserved 1114112K
  class space    used 2766K, committed 3328K, reserved 1048576K
}
Event: 5167.880 GC heap after
{Heap after GC invocations=2273 (full 3):
 PSYoungGen      total 3584K, used 256K [0x00000000d5580000, 0x00000000d5c00000, 0x0000000100000000)
  eden space 3072K, 0% used [0x00000000d5580000,0x00000000d5580000,0x00000000d5880000)
  from space 512K, 50% used [0x00000000d5b80000,0x00000000d5bc0000,0x00000000d5c00000)
  to   space 512K, 0% used [0x00000000d5b00000,0x00000000d5b00000,0x00000000d5b80000)
 ParOldGen       total 929792K, used 640967K [0x0000000080000000, 0x00000000b8c00000, 0x00000000d5580000)
  object space 929792K, 68% used [0x0000000080000000,0x00000000a71f1e58,0x00000000b8c00000)
 Metaspace       used 36533K, committed 37760K, reserved 1114112K
  class space    used 2766K, committed 3328K, reserved 1048576K
}
Event: 5167.933 GC heap before
{Heap before GC invocations=2274 (full 3):
 PSYoungGen      total 3584K, used 3316K [0x00000000d5580000, 0x00000000d5c00000, 0x0000000100000000)
  eden space 3072K, 99% used [0x00000000d5580000,0x00000000d587d218,0x00000000d5880000)
  from space 512K, 50% used [0x00000000d5b80000,0x00000000d5bc0000,0x00000000d5c00000)
  to   space 512K, 0% used [0x00000000d5b00000,0x00000000d5b00000,0x00000000d5b80000)
 ParOldGen       total 929792K, used 640967K [0x0000000080000000, 0x00000000b8c00000, 0x00000000d5580000)
  object space 929792K, 68% used [0x0000000080000000,0x00000000a71f1e58,0x00000000b8c00000)
 Metaspace       used 36533K, committed 37760K, reserved 1114112K
  class space    used 2766K, committed 3328K, reserved 1048576K
}
Event: 5167.936 GC heap after
{Heap after GC invocations=2274 (full 3):
 PSYoungGen      total 3584K, used 192K [0x00000000d5580000, 0x00000000d5c00000, 0x0000000100000000)
  eden space 3072K, 0% used [0x00000000d5580000,0x00000000d5580000,0x00000000d5880000)
  from space 512K, 37% used [0x00000000d5b00000,0x00000000d5b30000,0x00000000d5b80000)
  to   space 512K, 0% used [0x00000000d5b80000,0x00000000d5b80000,0x00000000d5c00000)
 ParOldGen       total 929792K, used 641031K [0x0000000080000000, 0x00000000b8c00000, 0x00000000d5580000)
  object space 929792K, 68% used [0x0000000080000000,0x00000000a7201e58,0x00000000b8c00000)
 Metaspace       used 36533K, committed 37760K, reserved 1114112K
  class space    used 2766K, committed 3328K, reserved 1048576K
}
Event: 5168.259 GC heap before
{Heap before GC invocations=2275 (full 3):
 PSYoungGen      total 3584K, used 3264K [0x00000000d5580000, 0x00000000d5c00000, 0x0000000100000000)
  eden space 3072K, 100% used [0x00000000d5580000,0x00000000d5880000,0x00000000d5880000)
  from space 512K, 37% used [0x00000000d5b00000,0x00000000d5b30000,0x00000000d5b80000)
  to   space 512K, 0% used [0x00000000d5b80000,0x00000000d5b80000,0x00000000d5c00000)
 ParOldGen       total 929792K, used 641031K [0x0000000080000000, 0x00000000b8c00000, 0x00000000d5580000)
  object space 929792K, 68% used [0x0000000080000000,0x00000000a7201e58,0x00000000b8c00000)
 Metaspace       used 36533K, committed 37760K, reserved 1114112K
  class space    used 2766K, committed 3328K, reserved 1048576K
}
Event: 5168.265 GC heap after
{Heap after GC invocations=2275 (full 3):
 PSYoungGen      total 3584K, used 224K [0x00000000d5580000, 0x00000000d5c00000, 0x0000000100000000)
  eden space 3072K, 0% used [0x00000000d5580000,0x00000000d5580000,0x00000000d5880000)
  from space 512K, 43% used [0x00000000d5b80000,0x00000000d5bb8000,0x00000000d5c00000)
  to   space 512K, 0% used [0x00000000d5b00000,0x00000000d5b00000,0x00000000d5b80000)
 ParOldGen       total 929792K, used 641111K [0x0000000080000000, 0x00000000b8c00000, 0x00000000d5580000)
  object space 929792K, 68% used [0x0000000080000000,0x00000000a7215e58,0x00000000b8c00000)
 Metaspace       used 36533K, committed 37760K, reserved 1114112K
  class space    used 2766K, committed 3328K, reserved 1048576K
}
Event: 6429.772 GC heap before
{Heap before GC invocations=2276 (full 3):
 PSYoungGen      total 3584K, used 3296K [0x00000000d5580000, 0x00000000d5c00000, 0x0000000100000000)
  eden space 3072K, 100% used [0x00000000d5580000,0x00000000d5880000,0x00000000d5880000)
  from space 512K, 43% used [0x00000000d5b80000,0x00000000d5bb8000,0x00000000d5c00000)
  to   space 512K, 0% used [0x00000000d5b00000,0x00000000d5b00000,0x00000000d5b80000)
 ParOldGen       total 929792K, used 641111K [0x0000000080000000, 0x00000000b8c00000, 0x00000000d5580000)
  object space 929792K, 68% used [0x0000000080000000,0x00000000a7215e58,0x00000000b8c00000)
 Metaspace       used 36542K, committed 37760K, reserved 1114112K
  class space    used 2766K, committed 3328K, reserved 1048576K
}
Event: 6429.874 GC heap after
{Heap after GC invocations=2276 (full 3):
 PSYoungGen      total 3584K, used 256K [0x00000000d5580000, 0x00000000d5c00000, 0x0000000100000000)
  eden space 3072K, 0% used [0x00000000d5580000,0x00000000d5580000,0x00000000d5880000)
  from space 512K, 50% used [0x00000000d5b00000,0x00000000d5b40000,0x00000000d5b80000)
  to   space 512K, 0% used [0x00000000d5b80000,0x00000000d5b80000,0x00000000d5c00000)
 ParOldGen       total 929792K, used 641183K [0x0000000080000000, 0x00000000b8c00000, 0x00000000d5580000)
  object space 929792K, 68% used [0x0000000080000000,0x00000000a7227e58,0x00000000b8c00000)
 Metaspace       used 36542K, committed 37760K, reserved 1114112K
  class space    used 2766K, committed 3328K, reserved 1048576K
}

