# JRE version: OpenJDK Runtime Environment Temurin-21.0.8+9 (21.0.8+9) (build 21.0.8+9-LTS)
# Java VM: OpenJDK 64-Bit Server VM Temurin-21.0.8+9 (21.0.8+9-LTS, mixed mode, sharing, tiered, compressed oops, compressed class ptrs, parallel gc, windows-amd64)
GC Precious Log:
 CardTable entry size: 512
 CPUs: 12 total, 12 available
 Memory: 7597M
 Large Page Support: Disabled
 NUMA Support: Disabled
 Compressed Oops: Enabled (32-bit)
 Alignments: Space 512K, Generation 512K, Heap 2M
 Heap Min Capacity: 100M
 Heap Initial Capacity: 100M
 Heap Max Capacity: 2G
 Pre-touch: Disabled
 Parallel Workers: 10
Heap:
 PSYoungGen      total 10752K, used 10577K [0x00000000d5580000, 0x00000000d6300000, 0x0000000100000000)
  eden space 8192K, 98% used [0x00000000d5580000,0x00000000d5d59798,0x00000000d5d80000)
  from space 2560K, 99% used [0x00000000d5d80000,0x00000000d5ffb020,0x00000000d6000000)
  to   space 2560K, 0% used [0x00000000d6080000,0x00000000d6080000,0x00000000d6300000)
 ParOldGen       total 699904K, used 699897K [0x0000000080000000, 0x00000000aab80000, 0x00000000d5580000)
  object space 699904K, 99% used [0x0000000080000000,0x00000000aab7e700,0x00000000aab80000)
 Metaspace       used 26768K, committed 27840K, reserved 1114112K
  class space    used 2188K, committed 2624K, reserved 1048576K
GC Heap History (20 events):
Event: 5632.844 GC heap before
{Heap before GC invocations=608 (full 2):
 PSYoungGen      total 8192K, used 7495K [0x00000000d5580000, 0x00000000d6000000, 0x0000000100000000)
  eden space 6144K, 96% used [0x00000000d5580000,0x00000000d5b512f8,0x00000000d5b80000)
  from space 2048K, 75% used [0x00000000d5c00000,0x00000000d5d80a40,0x00000000d5e00000)
  to   space 2048K, 0% used [0x00000000d5e00000,0x00000000d5e00000,0x00000000d6000000)
 ParOldGen       total 672256K, used 671888K [0x0000000080000000, 0x00000000a9080000, 0x00000000d5580000)
  object space 672256K, 99% used [0x0000000080000000,0x00000000a90241e8,0x00000000a9080000)
 Metaspace       used 26727K, committed 27840K, reserved 1114112K
  class space    used 2187K, committed 2624K, reserved 1048576K
}
Event: 5632.848 GC heap after
{Heap after GC invocations=608 (full 2):
 PSYoungGen      total 6656K, used 2048K [0x00000000d5580000, 0x00000000d6380000, 0x0000000100000000)
  eden space 4608K, 0% used [0x00000000d5580000,0x00000000d5580000,0x00000000d5a00000)
  from space 2048K, 100% used [0x00000000d5e00000,0x00000000d6000000,0x00000000d6000000)
  to   space 4096K, 0% used [0x00000000d5a00000,0x00000000d5a00000,0x00000000d5e00000)
 ParOldGen       total 673280K, used 673261K [0x0000000080000000, 0x00000000a9180000, 0x00000000d5580000)
  object space 673280K, 99% used [0x0000000080000000,0x00000000a917b420,0x00000000a9180000)
 Metaspace       used 26727K, committed 27840K, reserved 1114112K
  class space    used 2187K, committed 2624K, reserved 1048576K
}
Event: 5632.864 GC heap before
{Heap before GC invocations=609 (full 2):
 PSYoungGen      total 6656K, used 6656K [0x00000000d5580000, 0x00000000d6380000, 0x0000000100000000)
  eden space 4608K, 100% used [0x00000000d5580000,0x00000000d5a00000,0x00000000d5a00000)
  from space 2048K, 100% used [0x00000000d5e00000,0x00000000d6000000,0x00000000d6000000)
  to   space 4096K, 0% used [0x00000000d5a00000,0x00000000d5a00000,0x00000000d5e00000)
 ParOldGen       total 673280K, used 673261K [0x0000000080000000, 0x00000000a9180000, 0x00000000d5580000)
  object space 673280K, 99% used [0x0000000080000000,0x00000000a917b420,0x00000000a9180000)
 Metaspace       used 26729K, committed 27840K, reserved 1114112K
  class space    used 2187K, committed 2624K, reserved 1048576K
}
Event: 5632.870 GC heap after
{Heap after GC invocations=609 (full 2):
 PSYoungGen      total 8704K, used 4082K [0x00000000d5580000, 0x00000000d6900000, 0x0000000100000000)
  eden space 4608K, 0% used [0x00000000d5580000,0x00000000d5580000,0x00000000d5a00000)
  from space 4096K, 99% used [0x00000000d5a00000,0x00000000d5dfc8c8,0x00000000d5e00000)
  to   space 7680K, 0% used [0x00000000d6180000,0x00000000d6180000,0x00000000d6900000)
 ParOldGen       total 675840K, used 675765K [0x0000000080000000, 0x00000000a9400000, 0x00000000d5580000)
  object space 675840K, 99% used [0x0000000080000000,0x00000000a93ed420,0x00000000a9400000)
 Metaspace       used 26729K, committed 27840K, reserved 1114112K
  class space    used 2187K, committed 2624K, reserved 1048576K
}
Event: 5632.885 GC heap before
{Heap before GC invocations=610 (full 2):
 PSYoungGen      total 8704K, used 8690K [0x00000000d5580000, 0x00000000d6900000, 0x0000000100000000)
  eden space 4608K, 100% used [0x00000000d5580000,0x00000000d5a00000,0x00000000d5a00000)
  from space 4096K, 99% used [0x00000000d5a00000,0x00000000d5dfc8c8,0x00000000d5e00000)
  to   space 7680K, 0% used [0x00000000d6180000,0x00000000d6180000,0x00000000d6900000)
 ParOldGen       total 675840K, used 675765K [0x0000000080000000, 0x00000000a9400000, 0x00000000d5580000)
  object space 675840K, 99% used [0x0000000080000000,0x00000000a93ed420,0x00000000a9400000)
 Metaspace       used 26737K, committed 27840K, reserved 1114112K
  class space    used 2187K, committed 2624K, reserved 1048576K
}
Event: 5634.916 GC heap after
{Heap after GC invocations=610 (full 2):
 PSYoungGen      total 10240K, used 4424K [0x00000000d5580000, 0x00000000d6600000, 0x0000000100000000)
  eden space 5632K, 0% used [0x00000000d5580000,0x00000000d5580000,0x00000000d5b00000)
  from space 4608K, 96% used [0x00000000d6180000,0x00000000d65d2290,0x00000000d6600000)
  to   space 5632K, 0% used [0x00000000d5b00000,0x00000000d5b00000,0x00000000d6080000)
 ParOldGen       total 679936K, used 679772K [0x0000000080000000, 0x00000000a9800000, 0x00000000d5580000)
  object space 679936K, 99% used [0x0000000080000000,0x00000000a97d7040,0x00000000a9800000)
 Metaspace       used 26737K, committed 27840K, reserved 1114112K
  class space    used 2187K, committed 2624K, reserved 1048576K
}
Event: 5634.933 GC heap before
{Heap before GC invocations=611 (full 2):
 PSYoungGen      total 10240K, used 10056K [0x00000000d5580000, 0x00000000d6600000, 0x0000000100000000)
  eden space 5632K, 100% used [0x00000000d5580000,0x00000000d5b00000,0x00000000d5b00000)
  from space 4608K, 96% used [0x00000000d6180000,0x00000000d65d2290,0x00000000d6600000)
  to   space 5632K, 0% used [0x00000000d5b00000,0x00000000d5b00000,0x00000000d6080000)
 ParOldGen       total 679936K, used 679772K [0x0000000080000000, 0x00000000a9800000, 0x00000000d5580000)
  object space 679936K, 99% used [0x0000000080000000,0x00000000a97d7040,0x00000000a9800000)
 Metaspace       used 26754K, committed 27840K, reserved 1114112K
  class space    used 2187K, committed 2624K, reserved 1048576K
}
Event: 5634.939 GC heap after
{Heap after GC invocations=611 (full 2):
 PSYoungGen      total 11264K, used 5403K [0x00000000d5580000, 0x00000000d6780000, 0x0000000100000000)
  eden space 5632K, 0% used [0x00000000d5580000,0x00000000d5580000,0x00000000d5b00000)
  from space 5632K, 95% used [0x00000000d5b00000,0x00000000d6046e40,0x00000000d6080000)
  to   space 5632K, 0% used [0x00000000d6200000,0x00000000d6200000,0x00000000d6780000)
 ParOldGen       total 682496K, used 681994K [0x0000000080000000, 0x00000000a9a80000, 0x00000000d5580000)
  object space 682496K, 99% used [0x0000000080000000,0x00000000a9a028f0,0x00000000a9a80000)
 Metaspace       used 26754K, committed 27840K, reserved 1114112K
  class space    used 2187K, committed 2624K, reserved 1048576K
}
Event: 5635.013 GC heap before
{Heap before GC invocations=612 (full 2):
 PSYoungGen      total 11264K, used 11035K [0x00000000d5580000, 0x00000000d6780000, 0x0000000100000000)
  eden space 5632K, 100% used [0x00000000d5580000,0x00000000d5b00000,0x00000000d5b00000)
  from space 5632K, 95% used [0x00000000d5b00000,0x00000000d6046e40,0x00000000d6080000)
  to   space 5632K, 0% used [0x00000000d6200000,0x00000000d6200000,0x00000000d6780000)
 ParOldGen       total 682496K, used 681994K [0x0000000080000000, 0x00000000a9a80000, 0x00000000d5580000)
  object space 682496K, 99% used [0x0000000080000000,0x00000000a9a028f0,0x00000000a9a80000)
 Metaspace       used 26765K, committed 27840K, reserved 1114112K
  class space    used 2188K, committed 2624K, reserved 1048576K
}
Event: 5636.022 GC heap after
{Heap after GC invocations=612 (full 2):
 PSYoungGen      total 9728K, used 2393K [0x00000000d5580000, 0x00000000d6480000, 0x0000000100000000)
  eden space 7168K, 0% used [0x00000000d5580000,0x00000000d5580000,0x00000000d5c80000)
  from space 2560K, 93% used [0x00000000d6200000,0x00000000d6456470,0x00000000d6480000)
  to   space 3584K, 0% used [0x00000000d5d80000,0x00000000d5d80000,0x00000000d6100000)
 ParOldGen       total 686080K, used 685991K [0x0000000080000000, 0x00000000a9e00000, 0x00000000d5580000)
  object space 686080K, 99% used [0x0000000080000000,0x00000000a9de9eb8,0x00000000a9e00000)
 Metaspace       used 26765K, committed 27840K, reserved 1114112K
  class space    used 2188K, committed 2624K, reserved 1048576K
}
Event: 5637.089 GC heap before
{Heap before GC invocations=613 (full 2):
 PSYoungGen      total 9728K, used 9561K [0x00000000d5580000, 0x00000000d6480000, 0x0000000100000000)
  eden space 7168K, 100% used [0x00000000d5580000,0x00000000d5c80000,0x00000000d5c80000)
  from space 2560K, 93% used [0x00000000d6200000,0x00000000d6456470,0x00000000d6480000)
  to   space 3584K, 0% used [0x00000000d5d80000,0x00000000d5d80000,0x00000000d6100000)
 ParOldGen       total 686080K, used 685991K [0x0000000080000000, 0x00000000a9e00000, 0x00000000d5580000)
  object space 686080K, 99% used [0x0000000080000000,0x00000000a9de9eb8,0x00000000a9e00000)
 Metaspace       used 26766K, committed 27840K, reserved 1114112K
  class space    used 2188K, committed 2624K, reserved 1048576K
}
Event: 5637.092 GC heap after
{Heap after GC invocations=613 (full 2):
 PSYoungGen      total 10752K, used 2308K [0x00000000d5580000, 0x00000000d6300000, 0x0000000100000000)
  eden space 8192K, 0% used [0x00000000d5580000,0x00000000d5580000,0x00000000d5d80000)
  from space 2560K, 90% used [0x00000000d5d80000,0x00000000d5fc1010,0x00000000d6000000)
  to   space 2560K, 0% used [0x00000000d6080000,0x00000000d6080000,0x00000000d6300000)
 ParOldGen       total 688640K, used 688234K [0x0000000080000000, 0x00000000aa080000, 0x00000000d5580000)
  object space 688640K, 99% used [0x0000000080000000,0x00000000aa01ab40,0x00000000aa080000)
 Metaspace       used 26766K, committed 27840K, reserved 1114112K
  class space    used 2188K, committed 2624K, reserved 1048576K
}
Event: 5637.140 GC heap before
{Heap before GC invocations=614 (full 2):
 PSYoungGen      total 10752K, used 10500K [0x00000000d5580000, 0x00000000d6300000, 0x0000000100000000)
  eden space 8192K, 100% used [0x00000000d5580000,0x00000000d5d80000,0x00000000d5d80000)
  from space 2560K, 90% used [0x00000000d5d80000,0x00000000d5fc1010,0x00000000d6000000)
  to   space 2560K, 0% used [0x00000000d6080000,0x00000000d6080000,0x00000000d6300000)
 ParOldGen       total 688640K, used 688234K [0x0000000080000000, 0x00000000aa080000, 0x00000000d5580000)
  object space 688640K, 99% used [0x0000000080000000,0x00000000aa01ab40,0x00000000aa080000)
 Metaspace       used 26766K, committed 27840K, reserved 1114112K
  class space    used 2188K, committed 2624K, reserved 1048576K
}
Event: 5639.146 GC heap after
{Heap after GC invocations=614 (full 2):
 PSYoungGen      total 10752K, used 2550K [0x00000000d5580000, 0x00000000d6300000, 0x0000000100000000)
  eden space 8192K, 0% used [0x00000000d5580000,0x00000000d5580000,0x00000000d5d80000)
  from space 2560K, 99% used [0x00000000d6080000,0x00000000d62fd810,0x00000000d6300000)
  to   space 2560K, 0% used [0x00000000d5d80000,0x00000000d5d80000,0x00000000d6000000)
 ParOldGen       total 690688K, used 690466K [0x0000000080000000, 0x00000000aa280000, 0x00000000d5580000)
  object space 690688K, 99% used [0x0000000080000000,0x00000000aa248a00,0x00000000aa280000)
 Metaspace       used 26766K, committed 27840K, reserved 1114112K
  class space    used 2188K, committed 2624K, reserved 1048576K
}
Event: 5639.213 GC heap before
{Heap before GC invocations=615 (full 2):
 PSYoungGen      total 10752K, used 10742K [0x00000000d5580000, 0x00000000d6300000, 0x0000000100000000)
  eden space 8192K, 100% used [0x00000000d5580000,0x00000000d5d80000,0x00000000d5d80000)
  from space 2560K, 99% used [0x00000000d6080000,0x00000000d62fd810,0x00000000d6300000)
  to   space 2560K, 0% used [0x00000000d5d80000,0x00000000d5d80000,0x00000000d6000000)
 ParOldGen       total 690688K, used 690466K [0x0000000080000000, 0x00000000aa280000, 0x00000000d5580000)
  object space 690688K, 99% used [0x0000000080000000,0x00000000aa248a00,0x00000000aa280000)
 Metaspace       used 26767K, committed 27840K, reserved 1114112K
  class space    used 2188K, committed 2624K, reserved 1048576K
}
Event: 5641.233 GC heap after
{Heap after GC invocations=615 (full 2):
 PSYoungGen      total 10752K, used 2536K [0x00000000d5580000, 0x00000000d6300000, 0x0000000100000000)
  eden space 8192K, 0% used [0x00000000d5580000,0x00000000d5580000,0x00000000d5d80000)
  from space 2560K, 99% used [0x00000000d5d80000,0x00000000d5ffa268,0x00000000d6000000)
  to   space 2560K, 0% used [0x00000000d6080000,0x00000000d6080000,0x00000000d6300000)
 ParOldGen       total 693248K, used 693240K [0x0000000080000000, 0x00000000aa500000, 0x00000000d5580000)
  object space 693248K, 99% used [0x0000000080000000,0x00000000aa4fe090,0x00000000aa500000)
 Metaspace       used 26767K, committed 27840K, reserved 1114112K
  class space    used 2188K, committed 2624K, reserved 1048576K
}
Event: 5641.262 GC heap before
{Heap before GC invocations=616 (full 2):
 PSYoungGen      total 10752K, used 10728K [0x00000000d5580000, 0x00000000d6300000, 0x0000000100000000)
  eden space 8192K, 100% used [0x00000000d5580000,0x00000000d5d80000,0x00000000d5d80000)
  from space 2560K, 99% used [0x00000000d5d80000,0x00000000d5ffa268,0x00000000d6000000)
  to   space 2560K, 0% used [0x00000000d6080000,0x00000000d6080000,0x00000000d6300000)
 ParOldGen       total 693248K, used 693240K [0x0000000080000000, 0x00000000aa500000, 0x00000000d5580000)
  object space 693248K, 99% used [0x0000000080000000,0x00000000aa4fe090,0x00000000aa500000)
 Metaspace       used 26767K, committed 27840K, reserved 1114112K
  class space    used 2188K, committed 2624K, reserved 1048576K
}
Event: 5644.301 GC heap after
{Heap after GC invocations=616 (full 2):
 PSYoungGen      total 10752K, used 2536K [0x00000000d5580000, 0x00000000d6300000, 0x0000000100000000)
  eden space 8192K, 0% used [0x00000000d5580000,0x00000000d5580000,0x00000000d5d80000)
  from space 2560K, 99% used [0x00000000d6080000,0x00000000d62fa218,0x00000000d6300000)
  to   space 2560K, 0% used [0x00000000d5d80000,0x00000000d5d80000,0x00000000d6000000)
 ParOldGen       total 697856K, used 697742K [0x0000000080000000, 0x00000000aa980000, 0x00000000d5580000)
  object space 697856K, 99% used [0x0000000080000000,0x00000000aa963800,0x00000000aa980000)
 Metaspace       used 26767K, committed 27840K, reserved 1114112K
  class space    used 2188K, committed 2624K, reserved 1048576K
}
Event: 5644.377 GC heap before
{Heap before GC invocations=617 (full 2):
 PSYoungGen      total 10752K, used 10728K [0x00000000d5580000, 0x00000000d6300000, 0x0000000100000000)
  eden space 8192K, 100% used [0x00000000d5580000,0x00000000d5d80000,0x00000000d5d80000)
  from space 2560K, 99% used [0x00000000d6080000,0x00000000d62fa218,0x00000000d6300000)
  to   space 2560K, 0% used [0x00000000d5d80000,0x00000000d5d80000,0x00000000d6000000)
 ParOldGen       total 697856K, used 697742K [0x0000000080000000, 0x00000000aa980000, 0x00000000d5580000)
  object space 697856K, 99% used [0x0000000080000000,0x00000000aa963800,0x00000000aa980000)
 Metaspace       used 26767K, committed 27840K, reserved 1114112K
  class space    used 2188K, committed 2624K, reserved 1048576K
}
Event: 5646.398 GC heap after
{Heap after GC invocations=617 (full 2):
 PSYoungGen      total 10752K, used 2540K [0x00000000d5580000, 0x00000000d6300000, 0x0000000100000000)
  eden space 8192K, 0% used [0x00000000d5580000,0x00000000d5580000,0x00000000d5d80000)
  from space 2560K, 99% used [0x00000000d5d80000,0x00000000d5ffb020,0x00000000d6000000)
  to   space 2560K, 0% used [0x00000000d6080000,0x00000000d6080000,0x00000000d6300000)
 ParOldGen       total 699904K, used 699897K [0x0000000080000000, 0x00000000aab80000, 0x00000000d5580000)
  object space 699904K, 99% used [0x0000000080000000,0x00000000aab7e700,0x00000000aab80000)
 Metaspace       used 26767K, committed 27840K, reserved 1114112K
  class space    used 2188K, committed 2624K, reserved 1048576K
}

