# JRE version: OpenJDK Runtime Environment Temurin-21.0.8+9 (21.0.8+9) (build 21.0.8+9-LTS)
# Java VM: OpenJDK 64-Bit Server VM Temurin-21.0.8+9 (21.0.8+9-LTS, mixed mode, sharing, tiered, compressed oops, compressed class ptrs, parallel gc, windows-amd64)
GC Precious Log:
 CardTable entry size: 512
 CPUs: 12 total, 12 available
 Memory: 7597M
 Large Page Support: Disabled
 NUMA Support: Disabled
 Compressed Oops: Enabled (32-bit)
 Alignments: Space 512K, Generation 512K, Heap 2M
 Heap Min Capacity: 100M
 Heap Initial Capacity: 100M
 Heap Max Capacity: 2G
 Pre-touch: Disabled
 Parallel Workers: 10
Heap:
 PSYoungGen      total 4096K, used 1028K [0x00000000d5580000, 0x00000000d5a80000, 0x0000000100000000)
  eden space 3072K, 9% used [0x00000000d5580000,0x00000000d55cc438,0x00000000d5880000)
  from space 1024K, 70% used [0x00000000d5980000,0x00000000d5a34d78,0x00000000d5a80000)
  to   space 1024K, 0% used [0x00000000d5880000,0x00000000d5880000,0x00000000d5980000)
 ParOldGen       total 606720K, used 606490K [0x0000000080000000, 0x00000000a5080000, 0x00000000d5580000)
  object space 606720K, 99% used [0x0000000080000000,0x00000000a5046ab0,0x00000000a5080000)
 Metaspace       used 27011K, committed 28160K, reserved 1114112K
  class space    used 2193K, committed 2688K, reserved 1048576K
GC Heap History (20 events):
Event: 59.164 GC heap before
{Heap before GC invocations=874 (full 1):
 PSYoungGen      total 3584K, used 3520K [0x00000000d5580000, 0x00000000d5a00000, 0x0000000100000000)
  eden space 3072K, 100% used [0x00000000d5580000,0x00000000d5880000,0x00000000d5880000)
  from space 512K, 87% used [0x00000000d5980000,0x00000000d59f0000,0x00000000d5a00000)
  to   space 512K, 0% used [0x00000000d5900000,0x00000000d5900000,0x00000000d5980000)
 ParOldGen       total 599552K, used 599295K [0x0000000080000000, 0x00000000a4980000, 0x00000000d5580000)
  object space 599552K, 99% used [0x0000000080000000,0x00000000a493fc78,0x00000000a4980000)
 Metaspace       used 27011K, committed 28160K, reserved 1114112K
  class space    used 2193K, committed 2688K, reserved 1048576K
}
Event: 59.167 GC heap after
{Heap after GC invocations=874 (full 1):
 PSYoungGen      total 3584K, used 502K [0x00000000d5580000, 0x00000000d5b80000, 0x0000000100000000)
  eden space 3072K, 0% used [0x00000000d5580000,0x00000000d5580000,0x00000000d5880000)
  from space 512K, 98% used [0x00000000d5900000,0x00000000d597d808,0x00000000d5980000)
  to   space 1536K, 0% used [0x00000000d5a00000,0x00000000d5a00000,0x00000000d5b80000)
 ParOldGen       total 600064K, used 599781K [0x0000000080000000, 0x00000000a4a00000, 0x00000000d5580000)
  object space 600064K, 99% used [0x0000000080000000,0x00000000a49b9480,0x00000000a4a00000)
 Metaspace       used 27011K, committed 28160K, reserved 1114112K
  class space    used 2193K, committed 2688K, reserved 1048576K
}
Event: 59.179 GC heap before
{Heap before GC invocations=875 (full 1):
 PSYoungGen      total 3584K, used 3574K [0x00000000d5580000, 0x00000000d5b80000, 0x0000000100000000)
  eden space 3072K, 100% used [0x00000000d5580000,0x00000000d5880000,0x00000000d5880000)
  from space 512K, 98% used [0x00000000d5900000,0x00000000d597d808,0x00000000d5980000)
  to   space 1536K, 0% used [0x00000000d5a00000,0x00000000d5a00000,0x00000000d5b80000)
 ParOldGen       total 600064K, used 599781K [0x0000000080000000, 0x00000000a4a00000, 0x00000000d5580000)
  object space 600064K, 99% used [0x0000000080000000,0x00000000a49b9480,0x00000000a4a00000)
 Metaspace       used 27011K, committed 28160K, reserved 1114112K
  class space    used 2193K, committed 2688K, reserved 1048576K
}
Event: 59.182 GC heap after
{Heap after GC invocations=875 (full 1):
 PSYoungGen      total 4608K, used 1072K [0x00000000d5580000, 0x00000000d5b80000, 0x0000000100000000)
  eden space 3072K, 0% used [0x00000000d5580000,0x00000000d5580000,0x00000000d5880000)
  from space 1536K, 69% used [0x00000000d5a00000,0x00000000d5b0c138,0x00000000d5b80000)
  to   space 1536K, 0% used [0x00000000d5880000,0x00000000d5880000,0x00000000d5a00000)
 ParOldGen       total 600576K, used 600227K [0x0000000080000000, 0x00000000a4a80000, 0x00000000d5580000)
  object space 600576K, 99% used [0x0000000080000000,0x00000000a4a28c88,0x00000000a4a80000)
 Metaspace       used 27011K, committed 28160K, reserved 1114112K
  class space    used 2193K, committed 2688K, reserved 1048576K
}
Event: 59.197 GC heap before
{Heap before GC invocations=876 (full 1):
 PSYoungGen      total 4608K, used 4144K [0x00000000d5580000, 0x00000000d5b80000, 0x0000000100000000)
  eden space 3072K, 100% used [0x00000000d5580000,0x00000000d5880000,0x00000000d5880000)
  from space 1536K, 69% used [0x00000000d5a00000,0x00000000d5b0c138,0x00000000d5b80000)
  to   space 1536K, 0% used [0x00000000d5880000,0x00000000d5880000,0x00000000d5a00000)
 ParOldGen       total 600576K, used 600227K [0x0000000080000000, 0x00000000a4a80000, 0x00000000d5580000)
  object space 600576K, 99% used [0x0000000080000000,0x00000000a4a28c88,0x00000000a4a80000)
 Metaspace       used 27011K, committed 28160K, reserved 1114112K
  class space    used 2193K, committed 2688K, reserved 1048576K
}
Event: 59.200 GC heap after
{Heap after GC invocations=876 (full 1):
 PSYoungGen      total 4096K, used 640K [0x00000000d5580000, 0x00000000d5a80000, 0x0000000100000000)
  eden space 3072K, 0% used [0x00000000d5580000,0x00000000d5580000,0x00000000d5880000)
  from space 1024K, 62% used [0x00000000d5880000,0x00000000d5920000,0x00000000d5980000)
  to   space 1024K, 0% used [0x00000000d5980000,0x00000000d5980000,0x00000000d5a80000)
 ParOldGen       total 601088K, used 600955K [0x0000000080000000, 0x00000000a4b00000, 0x00000000d5580000)
  object space 601088K, 99% used [0x0000000080000000,0x00000000a4adec88,0x00000000a4b00000)
 Metaspace       used 27011K, committed 28160K, reserved 1114112K
  class space    used 2193K, committed 2688K, reserved 1048576K
}
Event: 59.212 GC heap before
{Heap before GC invocations=877 (full 1):
 PSYoungGen      total 4096K, used 3712K [0x00000000d5580000, 0x00000000d5a80000, 0x0000000100000000)
  eden space 3072K, 100% used [0x00000000d5580000,0x00000000d5880000,0x00000000d5880000)
  from space 1024K, 62% used [0x00000000d5880000,0x00000000d5920000,0x00000000d5980000)
  to   space 1024K, 0% used [0x00000000d5980000,0x00000000d5980000,0x00000000d5a80000)
 ParOldGen       total 601088K, used 600955K [0x0000000080000000, 0x00000000a4b00000, 0x00000000d5580000)
  object space 601088K, 99% used [0x0000000080000000,0x00000000a4adec88,0x00000000a4b00000)
 Metaspace       used 27011K, committed 28160K, reserved 1114112K
  class space    used 2193K, committed 2688K, reserved 1048576K
}
Event: 59.215 GC heap after
{Heap after GC invocations=877 (full 1):
 PSYoungGen      total 4096K, used 731K [0x00000000d5580000, 0x00000000d5a80000, 0x0000000100000000)
  eden space 3072K, 0% used [0x00000000d5580000,0x00000000d5580000,0x00000000d5880000)
  from space 1024K, 71% used [0x00000000d5980000,0x00000000d5a36c78,0x00000000d5a80000)
  to   space 1024K, 0% used [0x00000000d5880000,0x00000000d5880000,0x00000000d5980000)
 ParOldGen       total 601600K, used 601499K [0x0000000080000000, 0x00000000a4b80000, 0x00000000d5580000)
  object space 601600K, 99% used [0x0000000080000000,0x00000000a4b66c88,0x00000000a4b80000)
 Metaspace       used 27011K, committed 28160K, reserved 1114112K
  class space    used 2193K, committed 2688K, reserved 1048576K
}
Event: 59.232 GC heap before
{Heap before GC invocations=878 (full 1):
 PSYoungGen      total 4096K, used 3803K [0x00000000d5580000, 0x00000000d5a80000, 0x0000000100000000)
  eden space 3072K, 100% used [0x00000000d5580000,0x00000000d5880000,0x00000000d5880000)
  from space 1024K, 71% used [0x00000000d5980000,0x00000000d5a36c78,0x00000000d5a80000)
  to   space 1024K, 0% used [0x00000000d5880000,0x00000000d5880000,0x00000000d5980000)
 ParOldGen       total 601600K, used 601499K [0x0000000080000000, 0x00000000a4b80000, 0x00000000d5580000)
  object space 601600K, 99% used [0x0000000080000000,0x00000000a4b66c88,0x00000000a4b80000)
 Metaspace       used 27011K, committed 28160K, reserved 1114112K
  class space    used 2193K, committed 2688K, reserved 1048576K
}
Event: 59.236 GC heap after
{Heap after GC invocations=878 (full 1):
 PSYoungGen      total 4096K, used 736K [0x00000000d5580000, 0x00000000d5a80000, 0x0000000100000000)
  eden space 3072K, 0% used [0x00000000d5580000,0x00000000d5580000,0x00000000d5880000)
  from space 1024K, 71% used [0x00000000d5880000,0x00000000d59380e0,0x00000000d5980000)
  to   space 1024K, 0% used [0x00000000d5980000,0x00000000d5980000,0x00000000d5a80000)
 ParOldGen       total 602112K, used 602067K [0x0000000080000000, 0x00000000a4c00000, 0x00000000d5580000)
  object space 602112K, 99% used [0x0000000080000000,0x00000000a4bf4c88,0x00000000a4c00000)
 Metaspace       used 27011K, committed 28160K, reserved 1114112K
  class space    used 2193K, committed 2688K, reserved 1048576K
}
Event: 59.257 GC heap before
{Heap before GC invocations=879 (full 1):
 PSYoungGen      total 4096K, used 3808K [0x00000000d5580000, 0x00000000d5a80000, 0x0000000100000000)
  eden space 3072K, 100% used [0x00000000d5580000,0x00000000d5880000,0x00000000d5880000)
  from space 1024K, 71% used [0x00000000d5880000,0x00000000d59380e0,0x00000000d5980000)
  to   space 1024K, 0% used [0x00000000d5980000,0x00000000d5980000,0x00000000d5a80000)
 ParOldGen       total 602112K, used 602067K [0x0000000080000000, 0x00000000a4c00000, 0x00000000d5580000)
  object space 602112K, 99% used [0x0000000080000000,0x00000000a4bf4c88,0x00000000a4c00000)
 Metaspace       used 27011K, committed 28160K, reserved 1114112K
  class space    used 2193K, committed 2688K, reserved 1048576K
}
Event: 59.262 GC heap after
{Heap after GC invocations=879 (full 1):
 PSYoungGen      total 4096K, used 769K [0x00000000d5580000, 0x00000000d5a80000, 0x0000000100000000)
  eden space 3072K, 0% used [0x00000000d5580000,0x00000000d5580000,0x00000000d5880000)
  from space 1024K, 75% used [0x00000000d5980000,0x00000000d5a404f0,0x00000000d5a80000)
  to   space 1024K, 0% used [0x00000000d5880000,0x00000000d5880000,0x00000000d5980000)
 ParOldGen       total 602624K, used 602451K [0x0000000080000000, 0x00000000a4c80000, 0x00000000d5580000)
  object space 602624K, 99% used [0x0000000080000000,0x00000000a4c54c88,0x00000000a4c80000)
 Metaspace       used 27011K, committed 28160K, reserved 1114112K
  class space    used 2193K, committed 2688K, reserved 1048576K
}
Event: 59.278 GC heap before
{Heap before GC invocations=880 (full 1):
 PSYoungGen      total 4096K, used 3841K [0x00000000d5580000, 0x00000000d5a80000, 0x0000000100000000)
  eden space 3072K, 100% used [0x00000000d5580000,0x00000000d5880000,0x00000000d5880000)
  from space 1024K, 75% used [0x00000000d5980000,0x00000000d5a404f0,0x00000000d5a80000)
  to   space 1024K, 0% used [0x00000000d5880000,0x00000000d5880000,0x00000000d5980000)
 ParOldGen       total 602624K, used 602451K [0x0000000080000000, 0x00000000a4c80000, 0x00000000d5580000)
  object space 602624K, 99% used [0x0000000080000000,0x00000000a4c54c88,0x00000000a4c80000)
 Metaspace       used 27011K, committed 28160K, reserved 1114112K
  class space    used 2193K, committed 2688K, reserved 1048576K
}
Event: 59.281 GC heap after
{Heap after GC invocations=880 (full 1):
 PSYoungGen      total 4096K, used 576K [0x00000000d5580000, 0x00000000d5a80000, 0x0000000100000000)
  eden space 3072K, 0% used [0x00000000d5580000,0x00000000d5580000,0x00000000d5880000)
  from space 1024K, 56% used [0x00000000d5880000,0x00000000d5910000,0x00000000d5980000)
  to   space 1024K, 0% used [0x00000000d5980000,0x00000000d5980000,0x00000000d5a80000)
 ParOldGen       total 603136K, used 603021K [0x0000000080000000, 0x00000000a4d00000, 0x00000000d5580000)
  object space 603136K, 99% used [0x0000000080000000,0x00000000a4ce34a0,0x00000000a4d00000)
 Metaspace       used 27011K, committed 28160K, reserved 1114112K
  class space    used 2193K, committed 2688K, reserved 1048576K
}
Event: 59.299 GC heap before
{Heap before GC invocations=881 (full 1):
 PSYoungGen      total 4096K, used 3645K [0x00000000d5580000, 0x00000000d5a80000, 0x0000000100000000)
  eden space 3072K, 99% used [0x00000000d5580000,0x00000000d587f550,0x00000000d5880000)
  from space 1024K, 56% used [0x00000000d5880000,0x00000000d5910000,0x00000000d5980000)
  to   space 1024K, 0% used [0x00000000d5980000,0x00000000d5980000,0x00000000d5a80000)
 ParOldGen       total 603136K, used 603021K [0x0000000080000000, 0x00000000a4d00000, 0x00000000d5580000)
  object space 603136K, 99% used [0x0000000080000000,0x00000000a4ce34a0,0x00000000a4d00000)
 Metaspace       used 27011K, committed 28160K, reserved 1114112K
  class space    used 2193K, committed 2688K, reserved 1048576K
}
Event: 59.302 GC heap after
{Heap after GC invocations=881 (full 1):
 PSYoungGen      total 4096K, used 576K [0x00000000d5580000, 0x00000000d5a80000, 0x0000000100000000)
  eden space 3072K, 0% used [0x00000000d5580000,0x00000000d5580000,0x00000000d5880000)
  from space 1024K, 56% used [0x00000000d5980000,0x00000000d5a10000,0x00000000d5a80000)
  to   space 1024K, 0% used [0x00000000d5880000,0x00000000d5880000,0x00000000d5980000)
 ParOldGen       total 603648K, used 603509K [0x0000000080000000, 0x00000000a4d80000, 0x00000000d5580000)
  object space 603648K, 99% used [0x0000000080000000,0x00000000a4d5d4a0,0x00000000a4d80000)
 Metaspace       used 27011K, committed 28160K, reserved 1114112K
  class space    used 2193K, committed 2688K, reserved 1048576K
}
Event: 59.315 GC heap before
{Heap before GC invocations=882 (full 1):
 PSYoungGen      total 4096K, used 3648K [0x00000000d5580000, 0x00000000d5a80000, 0x0000000100000000)
  eden space 3072K, 100% used [0x00000000d5580000,0x00000000d5880000,0x00000000d5880000)
  from space 1024K, 56% used [0x00000000d5980000,0x00000000d5a10000,0x00000000d5a80000)
  to   space 1024K, 0% used [0x00000000d5880000,0x00000000d5880000,0x00000000d5980000)
 ParOldGen       total 603648K, used 603509K [0x0000000080000000, 0x00000000a4d80000, 0x00000000d5580000)
  object space 603648K, 99% used [0x0000000080000000,0x00000000a4d5d4a0,0x00000000a4d80000)
 Metaspace       used 27011K, committed 28160K, reserved 1114112K
  class space    used 2193K, committed 2688K, reserved 1048576K
}
Event: 59.317 GC heap after
{Heap after GC invocations=882 (full 1):
 PSYoungGen      total 4096K, used 717K [0x00000000d5580000, 0x00000000d5a80000, 0x0000000100000000)
  eden space 3072K, 0% used [0x00000000d5580000,0x00000000d5580000,0x00000000d5880000)
  from space 1024K, 70% used [0x00000000d5880000,0x00000000d5933550,0x00000000d5980000)
  to   space 1024K, 0% used [0x00000000d5980000,0x00000000d5980000,0x00000000d5a80000)
 ParOldGen       total 604160K, used 603917K [0x0000000080000000, 0x00000000a4e00000, 0x00000000d5580000)
  object space 604160K, 99% used [0x0000000080000000,0x00000000a4dc34a0,0x00000000a4e00000)
 Metaspace       used 27011K, committed 28160K, reserved 1114112K
  class space    used 2193K, committed 2688K, reserved 1048576K
}
Event: 59.329 GC heap before
{Heap before GC invocations=883 (full 1):
 PSYoungGen      total 4096K, used 3789K [0x00000000d5580000, 0x00000000d5a80000, 0x0000000100000000)
  eden space 3072K, 100% used [0x00000000d5580000,0x00000000d5880000,0x00000000d5880000)
  from space 1024K, 70% used [0x00000000d5880000,0x00000000d5933550,0x00000000d5980000)
  to   space 1024K, 0% used [0x00000000d5980000,0x00000000d5980000,0x00000000d5a80000)
 ParOldGen       total 604160K, used 603917K [0x0000000080000000, 0x00000000a4e00000, 0x00000000d5580000)
  object space 604160K, 99% used [0x0000000080000000,0x00000000a4dc34a0,0x00000000a4e00000)
 Metaspace       used 27011K, committed 28160K, reserved 1114112K
  class space    used 2193K, committed 2688K, reserved 1048576K
}
Event: 59.332 GC heap after
{Heap after GC invocations=883 (full 1):
 PSYoungGen      total 4096K, used 640K [0x00000000d5580000, 0x00000000d5a80000, 0x0000000100000000)
  eden space 3072K, 0% used [0x00000000d5580000,0x00000000d5580000,0x00000000d5880000)
  from space 1024K, 62% used [0x00000000d5980000,0x00000000d5a20000,0x00000000d5a80000)
  to   space 1024K, 0% used [0x00000000d5880000,0x00000000d5880000,0x00000000d5980000)
 ParOldGen       total 604672K, used 604317K [0x0000000080000000, 0x00000000a4e80000, 0x00000000d5580000)
  object space 604672K, 99% used [0x0000000080000000,0x00000000a4e274a0,0x00000000a4e80000)
 Metaspace       used 27011K, committed 28160K, reserved 1114112K
  class space    used 2193K, committed 2688K, reserved 1048576K
}

